#
# There is insufficient memory for the Java Runtime Environment to continue.
# Native memory allocation (malloc) failed to allocate 32744 bytes for ChunkPool::allocate
# Possible reasons:
#   The system is out of physical RAM or swap space
#   The process is running with CompressedOops enabled, and the Java Heap may be blocking the growth of the native heap
# Possible solutions:
#   Reduce memory load on the system
#   Increase physical memory or swap space
#   Check if swap backing store is full
#   Decrease Java heap size (-Xmx/-Xms)
#   Decrease number of Java threads
#   Decrease Java thread stack sizes (-Xss)
#   Set larger code cache with -XX:ReservedCodeCacheSize=
#   JVM is running with Unscaled Compressed Oops mode in which the Java heap is
#     placed in the first 4GB address space. The Java Heap base address is the
#     maximum limit for the native heap growth. Please use -XX:HeapBaseMinAddress
#     to set the Java Heap base and to place the Java Heap above 4GB virtual address.
# This output file may be truncated or incomplete.
#
#  Out of Memory Error (./open/src/hotspot/share/memory/arena.cpp:79), pid=12360, tid=9800
#
# JRE version: Java(TM) SE Runtime Environment (14.0.1+7) (build 14.0.1+7)
# Java VM: Java HotSpot(TM) 64-Bit Server VM (14.0.1+7, mixed mode, tiered, compressed oops, g1 gc, windows-amd64)
# No core dump will be written. Minidumps are not enabled by default on client versions of Windows
#

---------------  S U M M A R Y ------------

Command Line: -javaagent:C:\Users\serge\AppData\Local\JetBrains\Toolbox\apps\IDEA-E\ch-0\202.7319.78\lib\idea_rt.jar=55354:C:\Users\serge\AppData\Local\JetBrains\Toolbox\apps\IDEA-E\ch-0\202.7319.78\bin -Dfile.encoding=UTF-8 com.javarush.task.task33.task3310.Solution

Host: Intel(R) Core(TM) i5-2400 CPU @ 3.10GHz, 4 cores, 7G,  Windows 10 , 64 bit Build 19041 (10.0.19041.292)
Time: Mon Oct  5 14:32:13 2020 RTZ 2 (зима) elapsed time: 0 seconds (0d 0h 0m 0s)

---------------  T H R E A D  ---------------

Current thread (0x0000020346f23000):  JavaThread "C1 CompilerThread0" daemon [_thread_in_native, id=9800, stack(0x00000062d7300000,0x00000062d7400000)]


Current CompileTask:
C1:    228   42   !   3       java.util.concurrent.ConcurrentHashMap::putVal (432 bytes)

Stack: [0x00000062d7300000,0x00000062d7400000]
Native frames: (J=compiled Java code, j=interpreted, Vv=VM code, C=native code)
V  [jvm.dll+0x5f840a]
V  [jvm.dll+0x741e4a]
V  [jvm.dll+0x7435ff]
V  [jvm.dll+0x743c43]
V  [jvm.dll+0x20d288]
V  [jvm.dll+0xabea6]
V  [jvm.dll+0xac1fc]
V  [jvm.dll+0xb7b55]
V  [jvm.dll+0x15b21b]
V  [jvm.dll+0x162afd]
V  [jvm.dll+0x162980]
V  [jvm.dll+0x15ad7a]
V  [jvm.dll+0x159df9]
V  [jvm.dll+0x1636bb]
V  [jvm.dll+0x15af48]
V  [jvm.dll+0x15e52f]
V  [jvm.dll+0x117b55]
V  [jvm.dll+0x1173cf]
V  [jvm.dll+0x1175ff]
V  [jvm.dll+0x116884]
V  [jvm.dll+0x1187d7]
V  [jvm.dll+0x1f4105]
V  [jvm.dll+0x1f22eb]
V  [jvm.dll+0x706a9d]
V  [jvm.dll+0x6ff8ba]
V  [jvm.dll+0x5f72c6]
C  [ucrtbase.dll+0x214c2]
C  [KERNEL32.DLL+0x16fd4]
C  [ntdll.dll+0x4cec1]


---------------  P R O C E S S  ---------------

Threads class SMR info:
_java_thread_list=0x0000020347044550, length=10, elements={
0x000002036733a000, 0x000002037fc0f800, 0x000002037fc10800, 0x0000020346f51800,
0x0000020346f1e800, 0x0000020346f1f000, 0x0000020346f22000, 0x0000020346f23000,
0x0000020346fce000, 0x0000020347067800
}

Java Threads: ( => current thread )
  0x000002036733a000 JavaThread "main" [_thread_in_Java, id=16824, stack(0x00000062d6600000,0x00000062d6700000)]
  0x000002037fc0f800 JavaThread "Reference Handler" daemon [_thread_blocked, id=17744, stack(0x00000062d6d00000,0x00000062d6e00000)]
  0x000002037fc10800 JavaThread "Finalizer" daemon [_thread_blocked, id=15000, stack(0x00000062d6e00000,0x00000062d6f00000)]
  0x0000020346f51800 JavaThread "Signal Dispatcher" daemon [_thread_blocked, id=12796, stack(0x00000062d6f00000,0x00000062d7000000)]
  0x0000020346f1e800 JavaThread "Attach Listener" daemon [_thread_blocked, id=17512, stack(0x00000062d7000000,0x00000062d7100000)]
  0x0000020346f1f000 JavaThread "Service Thread" daemon [_thread_blocked, id=2684, stack(0x00000062d7100000,0x00000062d7200000)]
  0x0000020346f22000 JavaThread "C2 CompilerThread0" daemon [_thread_blocked, id=13472, stack(0x00000062d7200000,0x00000062d7300000)]
=>0x0000020346f23000 JavaThread "C1 CompilerThread0" daemon [_thread_in_native, id=9800, stack(0x00000062d7300000,0x00000062d7400000)]
  0x0000020346fce000 JavaThread "Sweeper thread" daemon [_thread_blocked, id=4716, stack(0x00000062d7400000,0x00000062d7500000)]
  0x0000020347067800 JavaThread "Common-Cleaner" daemon [_thread_blocked, id=10764, stack(0x00000062d7500000,0x00000062d7600000)]

Other Threads:
  0x000002037fbfb800 VMThread "VM Thread" [stack: 0x00000062d6c00000,0x00000062d6d00000] [id=10476]
  0x000002036737d000 GCTaskThread "GC Thread#0" [stack: 0x00000062d6700000,0x00000062d6800000] [id=10724]
  0x000002036738e800 ConcurrentGCThread "G1 Main Marker" [stack: 0x00000062d6800000,0x00000062d6900000] [id=3672]
  0x0000020367392000 ConcurrentGCThread "G1 Conc#0" [stack: 0x00000062d6900000,0x00000062d6a00000] [id=7300]
  0x000002036741e800 ConcurrentGCThread "G1 Refine#0" [stack: 0x00000062d6a00000,0x00000062d6b00000] [id=8808]
  0x000002037fa20800 ConcurrentGCThread "G1 Young RemSet Sampling" [stack: 0x00000062d6b00000,0x00000062d6c00000] [id=11876]

Threads with active compile tasks:
C1 CompilerThread0      263   42   !   3       java.util.concurrent.ConcurrentHashMap::putVal (432 bytes)

VM state:not at safepoint (normal execution)

VM Mutex/Monitor currently owned by a thread:  ([mutex/lock_event])
[0x00000203673335e0] SystemDictionary_lock - owner thread: 0x0000000000000000

Heap address: 0x0000000080400000, size: 2044 MB, Compressed Oops mode: 32-bit
Narrow klass base: 0x0000000000000000, Narrow klass shift: 3
Compressed class space size: 1073741824 Address: 0x0000000100000000

Heap:
 garbage-first heap   total 131072K, used 0K [0x0000000080400000, 0x0000000100000000)
  region size 1024K, 1 young (1024K), 0 survivors (0K)
 Metaspace       used 4591K, capacity 4645K, committed 4864K, reserved 1062912K
  class space    used 386K, capacity 393K, committed 512K, reserved 1048576K
Heap Regions: E=young(eden), S=young(survivor), O=old, HS=humongous(starts), HC=humongous(continues), CS=collection set, F=free, OA=open archive, CA=closed archive, TAMS=top-at-mark-start (previous, next)
|   0|0x0000000080400000, 0x0000000080400000, 0x0000000080500000|  0%| F|  |TAMS 0x0000000080400000, 0x0000000080400000| Untracked 
|   1|0x0000000080500000, 0x0000000080500000, 0x0000000080600000|  0%| F|  |TAMS 0x0000000080500000, 0x0000000080500000| Untracked 
|   2|0x0000000080600000, 0x0000000080600000, 0x0000000080700000|  0%| F|  |TAMS 0x0000000080600000, 0x0000000080600000| Untracked 
|   3|0x0000000080700000, 0x0000000080700000, 0x0000000080800000|  0%| F|  |TAMS 0x0000000080700000, 0x0000000080700000| Untracked 
|   4|0x0000000080800000, 0x0000000080800000, 0x0000000080900000|  0%| F|  |TAMS 0x0000000080800000, 0x0000000080800000| Untracked 
|   5|0x0000000080900000, 0x0000000080900000, 0x0000000080a00000|  0%| F|  |TAMS 0x0000000080900000, 0x0000000080900000| Untracked 
|   6|0x0000000080a00000, 0x0000000080a00000, 0x0000000080b00000|  0%| F|  |TAMS 0x0000000080a00000, 0x0000000080a00000| Untracked 
|   7|0x0000000080b00000, 0x0000000080b00000, 0x0000000080c00000|  0%| F|  |TAMS 0x0000000080b00000, 0x0000000080b00000| Untracked 
|   8|0x0000000080c00000, 0x0000000080c00000, 0x0000000080d00000|  0%| F|  |TAMS 0x0000000080c00000, 0x0000000080c00000| Untracked 
|   9|0x0000000080d00000, 0x0000000080d00000, 0x0000000080e00000|  0%| F|  |TAMS 0x0000000080d00000, 0x0000000080d00000| Untracked 
|  10|0x0000000080e00000, 0x0000000080e00000, 0x0000000080f00000|  0%| F|  |TAMS 0x0000000080e00000, 0x0000000080e00000| Untracked 
|  11|0x0000000080f00000, 0x0000000080f00000, 0x0000000081000000|  0%| F|  |TAMS 0x0000000080f00000, 0x0000000080f00000| Untracked 
|  12|0x0000000081000000, 0x0000000081000000, 0x0000000081100000|  0%| F|  |TAMS 0x0000000081000000, 0x0000000081000000| Untracked 
|  13|0x0000000081100000, 0x0000000081100000, 0x0000000081200000|  0%| F|  |TAMS 0x0000000081100000, 0x0000000081100000| Untracked 
|  14|0x0000000081200000, 0x0000000081200000, 0x0000000081300000|  0%| F|  |TAMS 0x0000000081200000, 0x0000000081200000| Untracked 
|  15|0x0000000081300000, 0x0000000081300000, 0x0000000081400000|  0%| F|  |TAMS 0x0000000081300000, 0x0000000081300000| Untracked 
|  16|0x0000000081400000, 0x0000000081400000, 0x0000000081500000|  0%| F|  |TAMS 0x0000000081400000, 0x0000000081400000| Untracked 
|  17|0x0000000081500000, 0x0000000081500000, 0x0000000081600000|  0%| F|  |TAMS 0x0000000081500000, 0x0000000081500000| Untracked 
|  18|0x0000000081600000, 0x0000000081600000, 0x0000000081700000|  0%| F|  |TAMS 0x0000000081600000, 0x0000000081600000| Untracked 
|  19|0x0000000081700000, 0x0000000081700000, 0x0000000081800000|  0%| F|  |TAMS 0x0000000081700000, 0x0000000081700000| Untracked 
|  20|0x0000000081800000, 0x0000000081800000, 0x0000000081900000|  0%| F|  |TAMS 0x0000000081800000, 0x0000000081800000| Untracked 
|  21|0x0000000081900000, 0x0000000081900000, 0x0000000081a00000|  0%| F|  |TAMS 0x0000000081900000, 0x0000000081900000| Untracked 
|  22|0x0000000081a00000, 0x0000000081a00000, 0x0000000081b00000|  0%| F|  |TAMS 0x0000000081a00000, 0x0000000081a00000| Untracked 
|  23|0x0000000081b00000, 0x0000000081b00000, 0x0000000081c00000|  0%| F|  |TAMS 0x0000000081b00000, 0x0000000081b00000| Untracked 
|  24|0x0000000081c00000, 0x0000000081c00000, 0x0000000081d00000|  0%| F|  |TAMS 0x0000000081c00000, 0x0000000081c00000| Untracked 
|  25|0x0000000081d00000, 0x0000000081d00000, 0x0000000081e00000|  0%| F|  |TAMS 0x0000000081d00000, 0x0000000081d00000| Untracked 
|  26|0x0000000081e00000, 0x0000000081e00000, 0x0000000081f00000|  0%| F|  |TAMS 0x0000000081e00000, 0x0000000081e00000| Untracked 
|  27|0x0000000081f00000, 0x0000000081f00000, 0x0000000082000000|  0%| F|  |TAMS 0x0000000081f00000, 0x0000000081f00000| Untracked 
|  28|0x0000000082000000, 0x0000000082000000, 0x0000000082100000|  0%| F|  |TAMS 0x0000000082000000, 0x0000000082000000| Untracked 
|  29|0x0000000082100000, 0x0000000082100000, 0x0000000082200000|  0%| F|  |TAMS 0x0000000082100000, 0x0000000082100000| Untracked 
|  30|0x0000000082200000, 0x0000000082200000, 0x0000000082300000|  0%| F|  |TAMS 0x0000000082200000, 0x0000000082200000| Untracked 
|  31|0x0000000082300000, 0x0000000082300000, 0x0000000082400000|  0%| F|  |TAMS 0x0000000082300000, 0x0000000082300000| Untracked 
|  32|0x0000000082400000, 0x0000000082400000, 0x0000000082500000|  0%| F|  |TAMS 0x0000000082400000, 0x0000000082400000| Untracked 
|  33|0x0000000082500000, 0x0000000082500000, 0x0000000082600000|  0%| F|  |TAMS 0x0000000082500000, 0x0000000082500000| Untracked 
|  34|0x0000000082600000, 0x0000000082600000, 0x0000000082700000|  0%| F|  |TAMS 0x0000000082600000, 0x0000000082600000| Untracked 
|  35|0x0000000082700000, 0x0000000082700000, 0x0000000082800000|  0%| F|  |TAMS 0x0000000082700000, 0x0000000082700000| Untracked 
|  36|0x0000000082800000, 0x0000000082800000, 0x0000000082900000|  0%| F|  |TAMS 0x0000000082800000, 0x0000000082800000| Untracked 
|  37|0x0000000082900000, 0x0000000082900000, 0x0000000082a00000|  0%| F|  |TAMS 0x0000000082900000, 0x0000000082900000| Untracked 
|  38|0x0000000082a00000, 0x0000000082a00000, 0x0000000082b00000|  0%| F|  |TAMS 0x0000000082a00000, 0x0000000082a00000| Untracked 
|  39|0x0000000082b00000, 0x0000000082b00000, 0x0000000082c00000|  0%| F|  |TAMS 0x0000000082b00000, 0x0000000082b00000| Untracked 
|  40|0x0000000082c00000, 0x0000000082c00000, 0x0000000082d00000|  0%| F|  |TAMS 0x0000000082c00000, 0x0000000082c00000| Untracked 
|  41|0x0000000082d00000, 0x0000000082d00000, 0x0000000082e00000|  0%| F|  |TAMS 0x0000000082d00000, 0x0000000082d00000| Untracked 
|  42|0x0000000082e00000, 0x0000000082e00000, 0x0000000082f00000|  0%| F|  |TAMS 0x0000000082e00000, 0x0000000082e00000| Untracked 
|  43|0x0000000082f00000, 0x0000000082f00000, 0x0000000083000000|  0%| F|  |TAMS 0x0000000082f00000, 0x0000000082f00000| Untracked 
|  44|0x0000000083000000, 0x0000000083000000, 0x0000000083100000|  0%| F|  |TAMS 0x0000000083000000, 0x0000000083000000| Untracked 
|  45|0x0000000083100000, 0x0000000083100000, 0x0000000083200000|  0%| F|  |TAMS 0x0000000083100000, 0x0000000083100000| Untracked 
|  46|0x0000000083200000, 0x0000000083200000, 0x0000000083300000|  0%| F|  |TAMS 0x0000000083200000, 0x0000000083200000| Untracked 
|  47|0x0000000083300000, 0x0000000083300000, 0x0000000083400000|  0%| F|  |TAMS 0x0000000083300000, 0x0000000083300000| Untracked 
|  48|0x0000000083400000, 0x0000000083400000, 0x0000000083500000|  0%| F|  |TAMS 0x0000000083400000, 0x0000000083400000| Untracked 
|  49|0x0000000083500000, 0x0000000083500000, 0x0000000083600000|  0%| F|  |TAMS 0x0000000083500000, 0x0000000083500000| Untracked 
|  50|0x0000000083600000, 0x0000000083600000, 0x0000000083700000|  0%| F|  |TAMS 0x0000000083600000, 0x0000000083600000| Untracked 
|  51|0x0000000083700000, 0x0000000083700000, 0x0000000083800000|  0%| F|  |TAMS 0x0000000083700000, 0x0000000083700000| Untracked 
|  52|0x0000000083800000, 0x0000000083800000, 0x0000000083900000|  0%| F|  |TAMS 0x0000000083800000, 0x0000000083800000| Untracked 
|  53|0x0000000083900000, 0x0000000083900000, 0x0000000083a00000|  0%| F|  |TAMS 0x0000000083900000, 0x0000000083900000| Untracked 
|  54|0x0000000083a00000, 0x0000000083a00000, 0x0000000083b00000|  0%| F|  |TAMS 0x0000000083a00000, 0x0000000083a00000| Untracked 
|  55|0x0000000083b00000, 0x0000000083b00000, 0x0000000083c00000|  0%| F|  |TAMS 0x0000000083b00000, 0x0000000083b00000| Untracked 
|  56|0x0000000083c00000, 0x0000000083c00000, 0x0000000083d00000|  0%| F|  |TAMS 0x0000000083c00000, 0x0000000083c00000| Untracked 
|  57|0x0000000083d00000, 0x0000000083d00000, 0x0000000083e00000|  0%| F|  |TAMS 0x0000000083d00000, 0x0000000083d00000| Untracked 
|  58|0x0000000083e00000, 0x0000000083e00000, 0x0000000083f00000|  0%| F|  |TAMS 0x0000000083e00000, 0x0000000083e00000| Untracked 
|  59|0x0000000083f00000, 0x0000000083f00000, 0x0000000084000000|  0%| F|  |TAMS 0x0000000083f00000, 0x0000000083f00000| Untracked 
|  60|0x0000000084000000, 0x0000000084000000, 0x0000000084100000|  0%| F|  |TAMS 0x0000000084000000, 0x0000000084000000| Untracked 
|  61|0x0000000084100000, 0x0000000084100000, 0x0000000084200000|  0%| F|  |TAMS 0x0000000084100000, 0x0000000084100000| Untracked 
|  62|0x0000000084200000, 0x0000000084200000, 0x0000000084300000|  0%| F|  |TAMS 0x0000000084200000, 0x0000000084200000| Untracked 
|  63|0x0000000084300000, 0x0000000084300000, 0x0000000084400000|  0%| F|  |TAMS 0x0000000084300000, 0x0000000084300000| Untracked 
|  64|0x0000000084400000, 0x0000000084400000, 0x0000000084500000|  0%| F|  |TAMS 0x0000000084400000, 0x0000000084400000| Untracked 
|  65|0x0000000084500000, 0x0000000084500000, 0x0000000084600000|  0%| F|  |TAMS 0x0000000084500000, 0x0000000084500000| Untracked 
|  66|0x0000000084600000, 0x0000000084600000, 0x0000000084700000|  0%| F|  |TAMS 0x0000000084600000, 0x0000000084600000| Untracked 
|  67|0x0000000084700000, 0x0000000084700000, 0x0000000084800000|  0%| F|  |TAMS 0x0000000084700000, 0x0000000084700000| Untracked 
|  68|0x0000000084800000, 0x0000000084800000, 0x0000000084900000|  0%| F|  |TAMS 0x0000000084800000, 0x0000000084800000| Untracked 
|  69|0x0000000084900000, 0x0000000084900000, 0x0000000084a00000|  0%| F|  |TAMS 0x0000000084900000, 0x0000000084900000| Untracked 
|  70|0x0000000084a00000, 0x0000000084a00000, 0x0000000084b00000|  0%| F|  |TAMS 0x0000000084a00000, 0x0000000084a00000| Untracked 
|  71|0x0000000084b00000, 0x0000000084b00000, 0x0000000084c00000|  0%| F|  |TAMS 0x0000000084b00000, 0x0000000084b00000| Untracked 
|  72|0x0000000084c00000, 0x0000000084c00000, 0x0000000084d00000|  0%| F|  |TAMS 0x0000000084c00000, 0x0000000084c00000| Untracked 
|  73|0x0000000084d00000, 0x0000000084d00000, 0x0000000084e00000|  0%| F|  |TAMS 0x0000000084d00000, 0x0000000084d00000| Untracked 
|  74|0x0000000084e00000, 0x0000000084e00000, 0x0000000084f00000|  0%| F|  |TAMS 0x0000000084e00000, 0x0000000084e00000| Untracked 
|  75|0x0000000084f00000, 0x0000000084f00000, 0x0000000085000000|  0%| F|  |TAMS 0x0000000084f00000, 0x0000000084f00000| Untracked 
|  76|0x0000000085000000, 0x0000000085000000, 0x0000000085100000|  0%| F|  |TAMS 0x0000000085000000, 0x0000000085000000| Untracked 
|  77|0x0000000085100000, 0x0000000085100000, 0x0000000085200000|  0%| F|  |TAMS 0x0000000085100000, 0x0000000085100000| Untracked 
|  78|0x0000000085200000, 0x0000000085200000, 0x0000000085300000|  0%| F|  |TAMS 0x0000000085200000, 0x0000000085200000| Untracked 
|  79|0x0000000085300000, 0x0000000085300000, 0x0000000085400000|  0%| F|  |TAMS 0x0000000085300000, 0x0000000085300000| Untracked 
|  80|0x0000000085400000, 0x0000000085400000, 0x0000000085500000|  0%| F|  |TAMS 0x0000000085400000, 0x0000000085400000| Untracked 
|  81|0x0000000085500000, 0x0000000085500000, 0x0000000085600000|  0%| F|  |TAMS 0x0000000085500000, 0x0000000085500000| Untracked 
|  82|0x0000000085600000, 0x0000000085600000, 0x0000000085700000|  0%| F|  |TAMS 0x0000000085600000, 0x0000000085600000| Untracked 
|  83|0x0000000085700000, 0x0000000085700000, 0x0000000085800000|  0%| F|  |TAMS 0x0000000085700000, 0x0000000085700000| Untracked 
|  84|0x0000000085800000, 0x0000000085800000, 0x0000000085900000|  0%| F|  |TAMS 0x0000000085800000, 0x0000000085800000| Untracked 
|  85|0x0000000085900000, 0x0000000085900000, 0x0000000085a00000|  0%| F|  |TAMS 0x0000000085900000, 0x0000000085900000| Untracked 
|  86|0x0000000085a00000, 0x0000000085a00000, 0x0000000085b00000|  0%| F|  |TAMS 0x0000000085a00000, 0x0000000085a00000| Untracked 
|  87|0x0000000085b00000, 0x0000000085b00000, 0x0000000085c00000|  0%| F|  |TAMS 0x0000000085b00000, 0x0000000085b00000| Untracked 
|  88|0x0000000085c00000, 0x0000000085c00000, 0x0000000085d00000|  0%| F|  |TAMS 0x0000000085c00000, 0x0000000085c00000| Untracked 
|  89|0x0000000085d00000, 0x0000000085d00000, 0x0000000085e00000|  0%| F|  |TAMS 0x0000000085d00000, 0x0000000085d00000| Untracked 
|  90|0x0000000085e00000, 0x0000000085e00000, 0x0000000085f00000|  0%| F|  |TAMS 0x0000000085e00000, 0x0000000085e00000| Untracked 
|  91|0x0000000085f00000, 0x0000000085f00000, 0x0000000086000000|  0%| F|  |TAMS 0x0000000085f00000, 0x0000000085f00000| Untracked 
|  92|0x0000000086000000, 0x0000000086000000, 0x0000000086100000|  0%| F|  |TAMS 0x0000000086000000, 0x0000000086000000| Untracked 
|  93|0x0000000086100000, 0x0000000086100000, 0x0000000086200000|  0%| F|  |TAMS 0x0000000086100000, 0x0000000086100000| Untracked 
|  94|0x0000000086200000, 0x0000000086200000, 0x0000000086300000|  0%| F|  |TAMS 0x0000000086200000, 0x0000000086200000| Untracked 
|  95|0x0000000086300000, 0x0000000086300000, 0x0000000086400000|  0%| F|  |TAMS 0x0000000086300000, 0x0000000086300000| Untracked 
|  96|0x0000000086400000, 0x0000000086400000, 0x0000000086500000|  0%| F|  |TAMS 0x0000000086400000, 0x0000000086400000| Untracked 
|  97|0x0000000086500000, 0x0000000086500000, 0x0000000086600000|  0%| F|  |TAMS 0x0000000086500000, 0x0000000086500000| Untracked 
|  98|0x0000000086600000, 0x0000000086600000, 0x0000000086700000|  0%| F|  |TAMS 0x0000000086600000, 0x0000000086600000| Untracked 
|  99|0x0000000086700000, 0x0000000086700000, 0x0000000086800000|  0%| F|  |TAMS 0x0000000086700000, 0x0000000086700000| Untracked 
| 100|0x0000000086800000, 0x0000000086800000, 0x0000000086900000|  0%| F|  |TAMS 0x0000000086800000, 0x0000000086800000| Untracked 
| 101|0x0000000086900000, 0x0000000086900000, 0x0000000086a00000|  0%| F|  |TAMS 0x0000000086900000, 0x0000000086900000| Untracked 
| 102|0x0000000086a00000, 0x0000000086a00000, 0x0000000086b00000|  0%| F|  |TAMS 0x0000000086a00000, 0x0000000086a00000| Untracked 
| 103|0x0000000086b00000, 0x0000000086b00000, 0x0000000086c00000|  0%| F|  |TAMS 0x0000000086b00000, 0x0000000086b00000| Untracked 
| 104|0x0000000086c00000, 0x0000000086c00000, 0x0000000086d00000|  0%| F|  |TAMS 0x0000000086c00000, 0x0000000086c00000| Untracked 
| 105|0x0000000086d00000, 0x0000000086d00000, 0x0000000086e00000|  0%| F|  |TAMS 0x0000000086d00000, 0x0000000086d00000| Untracked 
| 106|0x0000000086e00000, 0x0000000086e00000, 0x0000000086f00000|  0%| F|  |TAMS 0x0000000086e00000, 0x0000000086e00000| Untracked 
| 107|0x0000000086f00000, 0x0000000086f00000, 0x0000000087000000|  0%| F|  |TAMS 0x0000000086f00000, 0x0000000086f00000| Untracked 
| 108|0x0000000087000000, 0x0000000087000000, 0x0000000087100000|  0%| F|  |TAMS 0x0000000087000000, 0x0000000087000000| Untracked 
| 109|0x0000000087100000, 0x0000000087100000, 0x0000000087200000|  0%| F|  |TAMS 0x0000000087100000, 0x0000000087100000| Untracked 
| 110|0x0000000087200000, 0x0000000087200000, 0x0000000087300000|  0%| F|  |TAMS 0x0000000087200000, 0x0000000087200000| Untracked 
| 111|0x0000000087300000, 0x0000000087300000, 0x0000000087400000|  0%| F|  |TAMS 0x0000000087300000, 0x0000000087300000| Untracked 
| 112|0x0000000087400000, 0x0000000087400000, 0x0000000087500000|  0%| F|  |TAMS 0x0000000087400000, 0x0000000087400000| Untracked 
| 113|0x0000000087500000, 0x0000000087500000, 0x0000000087600000|  0%| F|  |TAMS 0x0000000087500000, 0x0000000087500000| Untracked 
| 114|0x0000000087600000, 0x0000000087600000, 0x0000000087700000|  0%| F|  |TAMS 0x0000000087600000, 0x0000000087600000| Untracked 
| 115|0x0000000087700000, 0x0000000087700000, 0x0000000087800000|  0%| F|  |TAMS 0x0000000087700000, 0x0000000087700000| Untracked 
| 116|0x0000000087800000, 0x0000000087800000, 0x0000000087900000|  0%| F|  |TAMS 0x0000000087800000, 0x0000000087800000| Untracked 
| 117|0x0000000087900000, 0x0000000087900000, 0x0000000087a00000|  0%| F|  |TAMS 0x0000000087900000, 0x0000000087900000| Untracked 
| 118|0x0000000087a00000, 0x0000000087a00000, 0x0000000087b00000|  0%| F|  |TAMS 0x0000000087a00000, 0x0000000087a00000| Untracked 
| 119|0x0000000087b00000, 0x0000000087b00000, 0x0000000087c00000|  0%| F|  |TAMS 0x0000000087b00000, 0x0000000087b00000| Untracked 
| 120|0x0000000087c00000, 0x0000000087c00000, 0x0000000087d00000|  0%| F|  |TAMS 0x0000000087c00000, 0x0000000087c00000| Untracked 
| 121|0x0000000087d00000, 0x0000000087d00000, 0x0000000087e00000|  0%| F|  |TAMS 0x0000000087d00000, 0x0000000087d00000| Untracked 
| 122|0x0000000087e00000, 0x0000000087e00000, 0x0000000087f00000|  0%| F|  |TAMS 0x0000000087e00000, 0x0000000087e00000| Untracked 
| 123|0x0000000087f00000, 0x0000000087f00000, 0x0000000088000000|  0%| F|  |TAMS 0x0000000087f00000, 0x0000000087f00000| Untracked 
| 124|0x0000000088000000, 0x0000000088000000, 0x0000000088100000|  0%| F|  |TAMS 0x0000000088000000, 0x0000000088000000| Untracked 
| 125|0x0000000088100000, 0x0000000088100000, 0x0000000088200000|  0%| F|  |TAMS 0x0000000088100000, 0x0000000088100000| Untracked 
| 126|0x0000000088200000, 0x0000000088200000, 0x0000000088300000|  0%| F|  |TAMS 0x0000000088200000, 0x0000000088200000| Untracked 
| 127|0x0000000088300000, 0x0000000088400000, 0x0000000088400000|100%| E|  |TAMS 0x0000000088300000, 0x0000000088300000| Complete 

Card table byte_map: [0x000002037eef0000,0x000002037f2f0000] _byte_map_base: 0x000002037eaee000

Marking Bits (Prev, Next): (CMBitMap*) 0x000002036737d938, (CMBitMap*) 0x000002036737d978
 Prev Bits: [0x0000020300000000, 0x0000020301ff0000)
 Next Bits: [0x0000020301ff0000, 0x0000020303fe0000)

Polling page: 0x0000020365320000

Metaspace:

Usage:
  Non-class:      4.22 MB capacity,     4.19 MB (>99%) used,    37.00 KB ( <1%) free+waste,     1.81 KB ( <1%) overhead. 
      Class:    438.00 KB capacity,   401.01 KB ( 92%) used,    35.74 KB (  8%) free+waste,     1.25 KB ( <1%) overhead. 
       Both:      4.65 MB capacity,     4.58 MB ( 98%) used,    72.74 KB (  2%) free+waste,     3.06 KB ( <1%) overhead. 

Virtual space:
  Non-class space:       14.00 MB reserved,       4.25 MB ( 30%) committed 
      Class space:        1.00 GB reserved,     512.00 KB ( <1%) committed 
             Both:        1.01 GB reserved,       4.75 MB ( <1%) committed 

Chunk freelists:
   Non-Class:  27.00 KB
       Class:  10.00 KB
        Both:  37.00 KB

MaxMetaspaceSize: 17179869184.00 GB
CompressedClassSpaceSize: 1.00 GB

CodeHeap 'non-profiled nmethods': size=120000Kb used=20Kb max_used=20Kb free=119980Kb
 bounds [0x00000203775c0000, 0x0000020377830000, 0x000002037eaf0000]
CodeHeap 'profiled nmethods': size=120000Kb used=39Kb max_used=39Kb free=119960Kb
 bounds [0x0000020370090000, 0x0000020370300000, 0x00000203775c0000]
CodeHeap 'non-nmethods': size=5760Kb used=1082Kb max_used=1082Kb free=4678Kb
 bounds [0x000002036faf0000, 0x000002036fd60000, 0x0000020370090000]
 total_blobs=671 nmethods=53 adapters=225
 compilation: enabled
              stopped_count=0, restarted_count=0
 full_count=0

Compilation events (20 events):
Event: 0.166 Thread 0x0000020346f23000 nmethod 26 0x0000020370096f90 code [0x0000020370097120, 0x0000020370097298]
Event: 0.166 Thread 0x0000020346f23000   25       3       java.lang.StringLatin1::charAt (28 bytes)
Event: 0.166 Thread 0x0000020346f23000 nmethod 25 0x0000020370097310 code [0x00000203700974c0, 0x00000203700976a8]
Event: 0.166 Thread 0x0000020346f23000   27       1       java.lang.module.ModuleReference::descriptor (5 bytes)
Event: 0.166 Thread 0x0000020346f23000 nmethod 27 0x00000203775c0e10 code [0x00000203775c0fa0, 0x00000203775c1058]
Event: 0.173 Thread 0x0000020346f23000   28       3       java.lang.StringLatin1::indexOf (61 bytes)
Event: 0.173 Thread 0x0000020346f23000 nmethod 28 0x0000020370097790 code [0x0000020370097940, 0x0000020370097cf8]
Event: 0.177 Thread 0x0000020346f23000   29       3       java.util.ImmutableCollections$SetN$SetNIterator::nextIndex (56 bytes)
Event: 0.177 Thread 0x0000020346f23000 nmethod 29 0x0000020370097e10 code [0x0000020370097fa0, 0x0000020370098118]
Event: 0.177 Thread 0x0000020346f23000   30       3       java.util.concurrent.ConcurrentHashMap::tabAt (22 bytes)
Event: 0.177 Thread 0x0000020346f23000 nmethod 30 0x0000020370098210 code [0x00000203700983c0, 0x0000020370098698]
Event: 0.177 Thread 0x0000020346f23000   31       3       jdk.internal.misc.Unsafe::getReferenceAcquire (7 bytes)
Event: 0.177 Thread 0x0000020346f23000 nmethod 31 0x0000020370098790 code [0x0000020370098920, 0x0000020370098a78]
Event: 0.177 Thread 0x0000020346f23000   32       3       java.util.ImmutableCollections$SetN$SetNIterator::next (47 bytes)
Event: 0.177 Thread 0x0000020346f23000 nmethod 32 0x0000020370098b10 code [0x0000020370098ce0, 0x0000020370098fb8]
Event: 0.201 Thread 0x0000020346f23000   34       1       java.lang.Enum::ordinal (5 bytes)
Event: 0.201 Thread 0x0000020346f23000 nmethod 34 0x00000203775c1410 code [0x00000203775c15a0, 0x00000203775c1658]
Event: 0.219 Thread 0x0000020346f23000   40       3       java.util.concurrent.ConcurrentHashMap::addCount (280 bytes)
Event: 0.220 Thread 0x0000020346f23000 nmethod 40 0x0000020370099110 code [0x0000020370099340, 0x0000020370099c88]
Event: 0.220 Thread 0x0000020346f23000   42   !   3       java.util.concurrent.ConcurrentHashMap::putVal (432 bytes)

GC Heap History (0 events):
No events

Deoptimization events (0 events):
No events

Classes unloaded (0 events):
No events

Classes redefined (0 events):
No events

Internal exceptions (0 events):
No events

Events (20 events):
Event: 0.219 loading class java/lang/invoke/BoundMethodHandle$Specializer$Factory
Event: 0.219 loading class java/lang/invoke/ClassSpecializer$Factory
Event: 0.219 loading class java/lang/invoke/ClassSpecializer$Factory done
Event: 0.219 loading class java/lang/invoke/BoundMethodHandle$Specializer$Factory done
Event: 0.220 loading class java/lang/invoke/SimpleMethodHandle
Event: 0.220 loading class java/lang/invoke/SimpleMethodHandle done
Event: 0.220 loading class java/lang/NoSuchFieldException
Event: 0.220 loading class java/lang/NoSuchFieldException done
Event: 0.221 loading class java/lang/invoke/BoundMethodHandle$Species_L
Event: 0.221 loading class java/lang/invoke/BoundMethodHandle$Species_L done
Event: 0.221 loading class sun/invoke/util/VerifyType
Event: 0.221 loading class sun/invoke/util/VerifyType done
Event: 0.221 loading class sun/invoke/empty/Empty
Event: 0.221 loading class sun/invoke/empty/Empty done
Event: 0.221 loading class java/lang/invoke/DirectMethodHandle$1
Event: 0.221 loading class java/lang/invoke/DirectMethodHandle$1 done
Event: 0.221 loading class java/lang/invoke/DirectMethodHandle$Accessor
Event: 0.222 loading class java/lang/invoke/DirectMethodHandle$Accessor done
Event: 0.222 loading class sun/invoke/util/Wrapper$1
Event: 0.222 loading class sun/invoke/util/Wrapper$1 done


Dynamic libraries:
0x00007ff66ec80000 - 0x00007ff66ec8f000 	C:\Java\jdk-14.0.1\bin\java.exe
0x00007ffb12d50000 - 0x00007ffb12f45000 	C:\WINDOWS\SYSTEM32\ntdll.dll
0x00007ffb10d80000 - 0x00007ffb10e3d000 	C:\WINDOWS\System32\KERNEL32.DLL
0x00007ffb10780000 - 0x00007ffb10a47000 	C:\WINDOWS\System32\KERNELBASE.dll
0x00007ffb10a80000 - 0x00007ffb10b80000 	C:\WINDOWS\System32\ucrtbase.dll
0x00007ffb0bec0000 - 0x00007ffb0bed8000 	C:\Java\jdk-14.0.1\bin\jli.dll
0x00007ffb0be30000 - 0x00007ffb0be45000 	C:\Java\jdk-14.0.1\bin\VCRUNTIME140.dll
0x00007ffb12ad0000 - 0x00007ffb12b7a000 	C:\WINDOWS\System32\ADVAPI32.dll
0x00007ffb11f70000 - 0x00007ffb1200e000 	C:\WINDOWS\System32\msvcrt.dll
0x00007ffb11ed0000 - 0x00007ffb11f6b000 	C:\WINDOWS\System32\sechost.dll
0x00007ffb12660000 - 0x00007ffb12784000 	C:\WINDOWS\System32\RPCRT4.dll
0x00007ffb11200000 - 0x00007ffb113a0000 	C:\WINDOWS\System32\USER32.dll
0x00007ffafc920000 - 0x00007ffafcbbb000 	C:\WINDOWS\WinSxS\amd64_microsoft.windows.common-controls_6595b64144ccf1df_6.0.19041.488_none_ca04af081b815d21\COMCTL32.dll
0x00007ffb10a50000 - 0x00007ffb10a72000 	C:\WINDOWS\System32\win32u.dll
0x00007ffb12880000 - 0x00007ffb128aa000 	C:\WINDOWS\System32\GDI32.dll
0x00007ffb10460000 - 0x00007ffb10569000 	C:\WINDOWS\System32\gdi32full.dll
0x00007ffb08780000 - 0x00007ffb0878a000 	C:\WINDOWS\SYSTEM32\VERSION.dll
0x00007ffb10ce0000 - 0x00007ffb10d7d000 	C:\WINDOWS\System32\msvcp_win.dll
0x00007ffb11ea0000 - 0x00007ffb11ed0000 	C:\WINDOWS\System32\IMM32.DLL
0x00007ffaef020000 - 0x00007ffaef0bb000 	C:\Java\jdk-14.0.1\bin\msvcp140.dll
0x00007ffae1470000 - 0x00007ffae1f8e000 	C:\Java\jdk-14.0.1\bin\server\jvm.dll
0x00007ffb12a60000 - 0x00007ffb12a68000 	C:\WINDOWS\System32\PSAPI.DLL
0x00007ffb086f0000 - 0x00007ffb08717000 	C:\WINDOWS\SYSTEM32\WINMM.dll
0x00007ffaff620000 - 0x00007ffaff629000 	C:\WINDOWS\SYSTEM32\WSOCK32.dll
0x00007ffb115b0000 - 0x00007ffb1161b000 	C:\WINDOWS\System32\WS2_32.dll
0x00007ffb0e380000 - 0x00007ffb0e393000 	C:\WINDOWS\SYSTEM32\kernel.appcore.dll
0x00007ffb0d060000 - 0x00007ffb0d06a000 	C:\Java\jdk-14.0.1\bin\jimage.dll
0x00007ffb03370000 - 0x00007ffb03554000 	C:\WINDOWS\SYSTEM32\DBGHELP.DLL
0x00007ffb03340000 - 0x00007ffb0336c000 	C:\WINDOWS\SYSTEM32\dbgcore.DLL
0x00007ffb10b80000 - 0x00007ffb10bff000 	C:\WINDOWS\System32\bcryptPrimitives.dll
0x00007ffb0d030000 - 0x00007ffb0d03e000 	C:\Java\jdk-14.0.1\bin\instrument.dll
0x00007ffaff430000 - 0x00007ffaff455000 	C:\Java\jdk-14.0.1\bin\java.dll
0x00007ffb0a420000 - 0x00007ffb0a436000 	C:\Java\jdk-14.0.1\bin\zip.dll
0x00007ffb116a0000 - 0x00007ffb11de1000 	C:\WINDOWS\System32\SHELL32.dll
0x00007ffb0e580000 - 0x00007ffb0ed13000 	C:\WINDOWS\SYSTEM32\windows.storage.dll
0x00007ffb10ea0000 - 0x00007ffb111f5000 	C:\WINDOWS\System32\combase.dll
0x00007ffb0fd90000 - 0x00007ffb0fdbc000 	C:\WINDOWS\SYSTEM32\Wldp.dll
0x00007ffb11df0000 - 0x00007ffb11e9e000 	C:\WINDOWS\System32\SHCORE.dll
0x00007ffb10e40000 - 0x00007ffb10e95000 	C:\WINDOWS\System32\shlwapi.dll
0x00007ffb10390000 - 0x00007ffb103b6000 	C:\WINDOWS\SYSTEM32\profapi.dll

dbghelp: loaded successfully - version: 4.0.5 - missing functions: none
symbol engine: initialized successfully - sym options: 0x614 - pdb path: .;C:\Java\jdk-14.0.1\bin;C:\WINDOWS\SYSTEM32;C:\WINDOWS\WinSxS\amd64_microsoft.windows.common-controls_6595b64144ccf1df_6.0.19041.488_none_ca04af081b815d21;C:\Java\jdk-14.0.1\bin\server

VM Arguments:
jvm_args: -javaagent:C:\Users\serge\AppData\Local\JetBrains\Toolbox\apps\IDEA-E\ch-0\202.7319.78\lib\idea_rt.jar=55354:C:\Users\serge\AppData\Local\JetBrains\Toolbox\apps\IDEA-E\ch-0\202.7319.78\bin -Dfile.encoding=UTF-8 
java_command: com.javarush.task.task33.task3310.Solution
java_class_path (initial): C:\Zee\JavaRushTasks\out\production\4.JavaCollections;C:\Zee\JavaRushTasks\lib\jackson-annotations-2.6.1.jar;C:\Zee\JavaRushTasks\lib\jackson-core-2.6.1.jar;C:\Zee\JavaRushTasks\lib\jackson-databind-2.6.1.jar;C:\Zee\JavaRushTasks\lib\jaxb-api-2.3.1.jar;C:\Zee\JavaRushTasks\lib\activation-1.1.1.jar;C:\Zee\JavaRushTasks\lib\jaxb-runtime-2.3.3.jar;C:\Zee\JavaRushTasks\lib\slf4j-api-1.7.23.jar
Launcher Type: SUN_STANDARD

[Global flags]
     intx CICompilerCount                          = 3                                         {product} {ergonomic}
     uint ConcGCThreads                            = 1                                         {product} {ergonomic}
     uint G1ConcRefinementThreads                  = 4                                         {product} {ergonomic}
   size_t G1HeapRegionSize                         = 1048576                                   {product} {ergonomic}
    uintx GCDrainStackTargetSize                   = 64                                        {product} {ergonomic}
   size_t InitialHeapSize                          = 134217728                                 {product} {ergonomic}
   size_t MarkStackSize                            = 4194304                                   {product} {ergonomic}
   size_t MaxHeapSize                              = 2143289344                                {product} {ergonomic}
   size_t MaxNewSize                               = 1285554176                                {product} {ergonomic}
   size_t MinHeapDeltaBytes                        = 1048576                                   {product} {ergonomic}
   size_t MinHeapSize                              = 8388608                                   {product} {ergonomic}
    uintx NonNMethodCodeHeapSize                   = 5832780                                {pd product} {ergonomic}
    uintx NonProfiledCodeHeapSize                  = 122912730                              {pd product} {ergonomic}
    uintx ProfiledCodeHeapSize                     = 122912730                              {pd product} {ergonomic}
    uintx ReservedCodeCacheSize                    = 251658240                              {pd product} {ergonomic}
     bool SegmentedCodeCache                       = true                                      {product} {ergonomic}
   size_t SoftMaxHeapSize                          = 2143289344                             {manageable} {ergonomic}
     bool UseCompressedClassPointers               = true                                 {lp64_product} {ergonomic}
     bool UseCompressedOops                        = true                                 {lp64_product} {ergonomic}
     bool UseG1GC                                  = true                                      {product} {ergonomic}
     bool UseLargePagesIndividualAllocation        = false                                  {pd product} {ergonomic}

Logging:
Log output configuration:
 #0: stdout all=warning uptime,level,tags
 #1: stderr all=off uptime,level,tags

Environment Variables:
JAVA_HOME=C:\java\jdk8
JRE_HOME=C:\java\jdk8
PATH=C:\Program Files (x86)\Common Files\Oracle\Java\javapath;C:\ProgramData\Oracle\Java\javapath;C:\Program Files\Python38\Scripts\;C:\Program Files\Python38\;C:\Program Files (x86)\Embarcadero\RAD Studio\7.0\bin;C:\Users\Public\Documents\RAD Studio\7.0\Bpl;C:\WINDOWS\system32;C:\WINDOWS;C:\WINDOWS\System32\Wbem;C:\WINDOWS\System32\WindowsPowerShell\v1.0\;C:\Program Files (x86)\ATI Technologies\ATI.ACE\Core-Static;C:\WINDOWS\System32\OpenSSH\;C:\Java\jdk-11.0.5\bin;C:\Java\apache-maven-3.6.3\bin\;C:\Java\gradle-6.0.1\bin\;C:\Program Files\Microsoft SQL Server\Client SDK\ODBC\110\Tools\Binn\;C:\Program Files (x86)\Microsoft SQL Server\120\Tools\Binn\;C:\Program Files\Microsoft SQL Server\120\Tools\Binn\;C:\Program Files\Microsoft SQL Server\120\DTS\Binn\;C:\Program Files (x86)\Microsoft SQL Server\120\Tools\Binn\ManagementStudio\;C:\Program Files (x86)\Microsoft SQL Server\120\DTS\Binn\;C:\Program Files\Git\cmd;c:\adb;C:\ProgramData\chocolatey\bin;;C:\Program Files\Docker\Docker\resources\bin;C:\ProgramData\DockerDesktop\version-bin;C:\Program Files\nodejs\;C:\Program Files\MySQL\MySQL Shell 8.0\bin\;C:\Users\serge\AppData\Local\Microsoft\WindowsApps;C:\Users\serge\AppData\Local\atom\bin;C:\Users\serge\AppData\Local\Programs\Microsoft VS Code\bin;C:\java\openjdk-14.0.1\bin;C:\Users\serge\AppData\Local\Microsoft\WindowsApps;C:\Users\serge\AppData\Roaming\npm;C:\Users\serge\AppData\Local\GitHubDesktop\bin
USERNAME=serge
OS=Windows_NT
PROCESSOR_IDENTIFIER=Intel64 Family 6 Model 42 Stepping 7, GenuineIntel



---------------  S Y S T E M  ---------------

OS: Windows 10 , 64 bit Build 19041 (10.0.19041.292)
OS uptime: 0 days 20:54 hours
HyperV virtualization detected

CPU:total 4 (initial active 4) (4 cores per cpu, 1 threads per core) family 6 model 42 stepping 7, cmov, cx8, fxsr, mmx, sse, sse2, sse3, ssse3, sse4.1, sse4.2, popcnt, avx, aes, clmul, tsc, tscinvbit

Memory: 4k page, system-wide physical 8174M (725M free)
TotalPageFile size 12008M (AvailPageFile size 161M)
current process WorkingSet (physical memory assigned to process): 27M, peak: 27M
current process commit charge ("private bytes"): 195M, peak: 196M

vm_info: Java HotSpot(TM) 64-Bit Server VM (14.0.1+7) for windows-amd64 JRE (14.0.1+7), built on Mar  5 2020 10:30:14 by "mach5one" with MS VC++ 15.9 (VS2017)

END.
